[2024-05-05 00:42:20] [info] Page visitée : Accueil
[2024-05-05 00:42:20] [error] Erreur de base de données : Impossible de se connecter
[2024-05-05 00:42:20] [warning] Attention : La configuration est obsolète
[2024-05-05 00:42:31] [info] Page visitée : Accueil
[2024-05-05 00:42:31] [error] Erreur de base de données : Impossible de se connecter
[2024-05-05 00:42:31] [warning] Attention : La configuration est obsolète
[2024-05-05 00:42:32] [info] Page visitée : Accueil
[2024-05-05 00:42:32] [error] Erreur de base de données : Impossible de se connecter
[2024-05-05 00:42:32] [warning] Attention : La configuration est obsolète
[2024-05-05 00:42:43] [info] Page visitée : Accueil
[2024-05-05 00:42:43] [error] Erreur de base de données : Impossible de se connecter
[2024-05-05 00:42:43] [warning] Attention : La configuration est obsolète
[2024-05-05 01:03:39] [error] Page Accueil : Erreur de connexion à la base de données
[2024-05-05 01:03:39] [info] Page error : Erreur de base de données : Impossible de se connecter
[2024-05-05 01:03:39] [info] Page warning : Attention : La configuration est obsolète
[2024-05-05 01:03:43] [error] Page Accueil : Erreur de connexion à la base de données
[2024-05-05 01:03:43] [info] Page error : Erreur de base de données : Impossible de se connecter
[2024-05-05 01:03:43] [info] Page warning : Attention : La configuration est obsolète
[2024-05-05 01:03:54] [error] Page Accueil : Erreur de connexion à la base de données
[2024-05-05 01:03:54] [info] Page error : Erreur de base de données : Impossible de se connecter
[2024-05-05 01:03:54] [info] Page warning : Attention : La configuration est obsolète
